2025-12-12T16:57:10.943+0000 [DEBUG] [org.gradle.launcher.daemon.bootstrap.DaemonMain] Assuming the daemon was started with following jvm opts: [-Xmx2G, -Dfile.encoding=UTF-8, -Duser.country=US, -Duser.language=en, -Duser.variant]
2025-12-12T16:57:11.015+0000 [DEBUG] [org.gradle.internal.remote.internal.inet.InetAddresses] Adding IP addresses for network interface enp7s0
2025-12-12T16:57:11.016+0000 [DEBUG] [org.gradle.internal.remote.internal.inet.InetAddresses] Is this a loopback interface? false
2025-12-12T16:57:11.016+0000 [DEBUG] [org.gradle.internal.remote.internal.inet.InetAddresses] Adding remote address /fd87:4437:35d0:5a52:1731:d996:1b53:24be%enp7s0
2025-12-12T16:57:11.016+0000 [DEBUG] [org.gradle.internal.remote.internal.inet.InetAddresses] Adding remote address /fd87:4437:35d0:5a52:ba8f:eb49:5cee:36cb%enp7s0
2025-12-12T16:57:11.017+0000 [DEBUG] [org.gradle.internal.remote.internal.inet.InetAddresses] Adding remote address /fd87:4437:35d0:5a52:565f:2f9e:33b:1e39%enp7s0
2025-12-12T16:57:11.017+0000 [DEBUG] [org.gradle.internal.remote.internal.inet.InetAddresses] Adding remote address /fd87:4437:35d0:5a52:1b0f:681c:e8bd:2f97%enp7s0
2025-12-12T16:57:11.018+0000 [DEBUG] [org.gradle.internal.remote.internal.inet.InetAddresses] Adding remote address /fd87:4437:35d0:5a52:226f:67e2:e363:7ac3%enp7s0
2025-12-12T16:57:11.018+0000 [DEBUG] [org.gradle.internal.remote.internal.inet.InetAddresses] Adding remote address /fe80:0:0:0:f8d9:95ac:dcae:8c99%enp7s0
2025-12-12T16:57:11.018+0000 [DEBUG] [org.gradle.internal.remote.internal.inet.InetAddresses] Adding remote address /fd87:4437:35d0:5a52:a640:7e9c:ae8b:742f%enp7s0
2025-12-12T16:57:11.018+0000 [DEBUG] [org.gradle.internal.remote.internal.inet.InetAddresses] Adding remote address /fd87:4437:35d0:5a52:ef8f:209d:ac13:9245%enp7s0
2025-12-12T16:57:11.018+0000 [DEBUG] [org.gradle.internal.remote.internal.inet.InetAddresses] Adding remote address /fd87:4437:35d0:5a52:98aa:7e1e:f4bf:39a6%enp7s0
2025-12-12T16:57:11.018+0000 [DEBUG] [org.gradle.internal.remote.internal.inet.InetAddresses] Adding remote address /192.168.0.31
2025-12-12T16:57:11.019+0000 [DEBUG] [org.gradle.internal.remote.internal.inet.InetAddresses] Adding IP addresses for network interface lo
2025-12-12T16:57:11.019+0000 [DEBUG] [org.gradle.internal.remote.internal.inet.InetAddresses] Is this a loopback interface? true
2025-12-12T16:57:11.019+0000 [DEBUG] [org.gradle.internal.remote.internal.inet.InetAddresses] Adding loopback address /0:0:0:0:0:0:0:1%lo
2025-12-12T16:57:11.019+0000 [DEBUG] [org.gradle.internal.remote.internal.inet.InetAddresses] Adding loopback address /127.0.0.1
2025-12-12T16:57:11.044+0000 [INFO] [org.gradle.launcher.daemon.server.Daemon] start() called on daemon - DefaultDaemonContext[uid=031a19ac-b954-4818-bb0f-6ff87eaf2ca8,javaHome=/home/butterfly/.sdkman/candidates/java/21.0.5-tem,javaVersion=21,javaVendor=Eclipse Adoptium,daemonRegistryDir=/home/butterfly/dev/abcraft/argus/gradle-home/daemon,pid=275408,idleTimeout=10800000,priority=NORMAL,applyInstrumentationAgent=true,nativeServicesMode=ENABLED,daemonOpts=-Xmx2G,-Dfile.encoding=UTF-8,-Duser.country=US,-Duser.language=en,-Duser.variant]
2025-12-12T16:57:11.060+0000 [DEBUG] [org.gradle.internal.remote.internal.inet.TcpIncomingConnector] Listening on [ec65ece3-8b01-4de5-99d7-18d7e0cf72d3 port:38417, addresses:[localhost/127.0.0.1]].
2025-12-12T16:57:11.066+0000 [DEBUG] [org.gradle.launcher.daemon.server.Daemon] Daemon starting at: Fri Dec 12 16:57:11 UTC 2025, with address: [ec65ece3-8b01-4de5-99d7-18d7e0cf72d3 port:38417, addresses:[localhost/127.0.0.1]]
2025-12-12T16:57:11.066+0000 [INFO] [org.gradle.launcher.daemon.server.DaemonRegistryUpdater] Advertising the daemon address to the clients: [ec65ece3-8b01-4de5-99d7-18d7e0cf72d3 port:38417, addresses:[localhost/127.0.0.1]]
2025-12-12T16:57:11.066+0000 [DEBUG] [org.gradle.launcher.daemon.server.DaemonRegistryUpdater] Advertised daemon context: DefaultDaemonContext[uid=031a19ac-b954-4818-bb0f-6ff87eaf2ca8,javaHome=/home/butterfly/.sdkman/candidates/java/21.0.5-tem,javaVersion=21,javaVendor=Eclipse Adoptium,daemonRegistryDir=/home/butterfly/dev/abcraft/argus/gradle-home/daemon,pid=275408,idleTimeout=10800000,priority=NORMAL,applyInstrumentationAgent=true,nativeServicesMode=ENABLED,daemonOpts=-Xmx2G,-Dfile.encoding=UTF-8,-Duser.country=US,-Duser.language=en,-Duser.variant]
2025-12-12T16:57:11.067+0000 [DEBUG] [org.gradle.launcher.daemon.registry.PersistentDaemonRegistry] Storing daemon address: [ec65ece3-8b01-4de5-99d7-18d7e0cf72d3 port:38417, addresses:[localhost/127.0.0.1]], context: DefaultDaemonContext[uid=031a19ac-b954-4818-bb0f-6ff87eaf2ca8,javaHome=/home/butterfly/.sdkman/candidates/java/21.0.5-tem,javaVersion=21,javaVendor=Eclipse Adoptium,daemonRegistryDir=/home/butterfly/dev/abcraft/argus/gradle-home/daemon,pid=275408,idleTimeout=10800000,priority=NORMAL,applyInstrumentationAgent=true,nativeServicesMode=ENABLED,daemonOpts=-Xmx2G,-Dfile.encoding=UTF-8,-Duser.country=US,-Duser.language=en,-Duser.variant]
2025-12-12T16:57:11.072+0000 [DEBUG] [org.gradle.cache.internal.DefaultFileLockManager] Waiting to acquire exclusive lock on daemon addresses registry.
2025-12-12T16:57:11.074+0000 [DEBUG] [org.gradle.cache.internal.DefaultFileLockManager] Lock acquired on daemon addresses registry.
2025-12-12T16:57:11.077+0000 [DEBUG] [org.gradle.cache.internal.DefaultFileLockManager] Releasing lock on daemon addresses registry.
2025-12-12T16:57:11.077+0000 [LIFECYCLE] [org.gradle.launcher.daemon.server.Daemon] Daemon server started.
2025-12-12T16:57:11.078+0000 [DEBUG] [org.gradle.launcher.daemon.bootstrap.DaemonStartupCommunication] Completed writing the daemon greeting. Closing streams...
2025-12-12T16:57:11.084+0000 [DEBUG] [org.gradle.internal.remote.internal.inet.TcpIncomingConnector] Accepted connection from /127.0.0.1:57682 to /127.0.0.1:38417.
2025-12-12T16:57:11.086+0000 [DEBUG] [org.gradle.launcher.daemon.server.Daemon] stopOnExpiration() called on daemon
2025-12-12T16:57:11.087+0000 [DEBUG] [org.gradle.launcher.daemon.server.Daemon] awaitExpiration() called on daemon
2025-12-12T16:57:11.087+0000 [DEBUG] [org.gradle.launcher.daemon.server.DaemonStateCoordinator] daemon is running. Sleeping until state changes.
2025-12-12T16:57:11.102+0000 [DEBUG] [org.gradle.launcher.daemon.server.SynchronizedDispatchConnection] thread 47: received class org.gradle.launcher.daemon.protocol.Build
2025-12-12T16:57:11.102+0000 [DEBUG] [org.gradle.launcher.daemon.server.DefaultDaemonConnection] thread 47: Received non-IO message from client: Build{id=5d2cabce-ceb8-49af-9df0-121851ad21ac, currentDir=/home/butterfly/dev/abcraft/argus}
2025-12-12T16:57:11.102+0000 [INFO] [org.gradle.launcher.daemon.server.DefaultIncomingConnectionHandler] Received command: Build{id=5d2cabce-ceb8-49af-9df0-121851ad21ac, currentDir=/home/butterfly/dev/abcraft/argus}.
2025-12-12T16:57:11.102+0000 [DEBUG] [org.gradle.launcher.daemon.server.DefaultIncomingConnectionHandler] Starting executing command: Build{id=5d2cabce-ceb8-49af-9df0-121851ad21ac, currentDir=/home/butterfly/dev/abcraft/argus} with connection: socket connection from /127.0.0.1:38417 to /127.0.0.1:57682.
2025-12-12T16:57:11.104+0000 [DEBUG] [org.gradle.launcher.daemon.server.DaemonStateCoordinator] Command execution: started DaemonCommandExecution[command = Build{id=5d2cabce-ceb8-49af-9df0-121851ad21ac, currentDir=/home/butterfly/dev/abcraft/argus}, connection = DefaultDaemonConnection: socket connection from /127.0.0.1:38417 to /127.0.0.1:57682] after 7.666666666666667E-4 minutes of idle
2025-12-12T16:57:11.104+0000 [INFO] [org.gradle.launcher.daemon.server.DaemonRegistryUpdater] Marking the daemon as busy, address: [ec65ece3-8b01-4de5-99d7-18d7e0cf72d3 port:38417, addresses:[localhost/127.0.0.1]]
2025-12-12T16:57:11.105+0000 [DEBUG] [org.gradle.launcher.daemon.registry.PersistentDaemonRegistry] Marking busy by address: [ec65ece3-8b01-4de5-99d7-18d7e0cf72d3 port:38417, addresses:[localhost/127.0.0.1]]
2025-12-12T16:57:11.105+0000 [DEBUG] [org.gradle.cache.internal.DefaultFileLockManager] Waiting to acquire exclusive lock on daemon addresses registry.
2025-12-12T16:57:11.105+0000 [DEBUG] [org.gradle.cache.internal.DefaultFileLockManager] Lock acquired on daemon addresses registry.
2025-12-12T16:57:11.106+0000 [DEBUG] [org.gradle.cache.internal.DefaultFileLockManager] Releasing lock on daemon addresses registry.
2025-12-12T16:57:11.106+0000 [DEBUG] [org.gradle.launcher.daemon.server.DaemonStateCoordinator] resetting idle timer
2025-12-12T16:57:11.106+0000 [DEBUG] [org.gradle.launcher.daemon.server.DaemonStateCoordinator] daemon is running. Sleeping until state changes.
2025-12-12T16:57:11.106+0000 [INFO] [org.gradle.launcher.daemon.server.exec.StartBuildOrRespondWithBusy] Daemon is about to start building Build{id=5d2cabce-ceb8-49af-9df0-121851ad21ac, currentDir=/home/butterfly/dev/abcraft/argus}. Dispatching build started information...
2025-12-12T16:57:11.107+0000 [DEBUG] [org.gradle.launcher.daemon.server.SynchronizedDispatchConnection] thread 49: dispatching org.gradle.launcher.daemon.protocol.BuildStarted@7849316c
2025-12-12T16:57:11.107+0000 [DEBUG] [org.gradle.launcher.daemon.server.exec.EstablishBuildEnvironment] Configuring env variables: [PATH, container, XAUTHORITY, INVOCATION_ID, XDG_DATA_DIRS, DBUS_SESSION_BUS_ADDRESS, VSCODE_PID, XDG_CACHE_HOME, PNPM_HOME, XDG_CURRENT_DESKTOP, JOURNAL_STREAM, MAVEN_HOME, XDG_STATE_HOME, SDKMAN_DIR, SESSION_MANAGER, KREW_ROOT, LOGNAME, PAM_KWALLET5_LOGIN, MANAGERPID, PWD, VSCODE_NLS_CONFIG, CODEX_INTERNAL_ORIGINATOR_OVERRIDE, ZPFX, KDE_SESSION_VERSION, XKB_DEFAULT_MODEL, SHELL, CODEX_SANDBOX_NETWORK_DISABLED, VSCODE_CRASH_REPORTER_PROCESS_TYPE, CHROME_DESKTOP, SDKMAN_CANDIDATES_API, OLDPWD, KDE_FULL_SESSION, VSCODE_CODE_CACHE_PATH, ORIGINAL_XDG_CURRENT_DESKTOP, SSH_ASKPASS, XDG_SESSION_PATH, SYSTEMD_EXEC_PID, LS_COLORS, XDG_SESSION_DESKTOP, SHLVL, KDE_APPLICATIONS_AS_SCOPE, MEMORY_PRESSURE_WRITE, ICEAUTHORITY, VSCODE_HANDLES_UNCAUGHT_ERRORS, JAVA_HOME, MEMORY_PRESSURE_WATCH, RUST_LOG, KDE_SESSION_UID, XDG_CONFIG_DIRS, LANG, XDG_SESSION_ID, XDG_SESSION_TYPE, DISPLAY, ELECTRON_RUN_AS_NODE, WAYLAND_DISPLAY, STARSHIP_SHELL, GSK_RENDERER, GTK_RC_FILES, XKB_DEFAULT_LAYOUT, SDKMAN_CANDIDATES_DIR, PMSPEC, XDG_SESSION_CLASS, _, APPLICATION_INSIGHTS_NO_STATSBEAT, VSCODE_CWD, XDG_DATA_HOME, VSCODE_ESM_ENTRYPOINT, GDK_BACKEND, QML2_IMPORT_PATH, ZSH_CACHE_DIR, DESKTOP_SESSION, GDK_CORE_DEVICE_EVENTS, SDKMAN_PLATFORM, USER, XDG_MENU_PREFIX, GTK2_RC_FILES, XDG_CONFIG_HOME, ASDF_DATA_DIR, SSH_AUTH_SOCK, QT_WAYLAND_RECONNECT, HOSTNAME, DISTROBOX_ENTER_PATH, NO_AT_BRIDGE, XDG_RUNTIME_DIR, HOME, TERMINFO_DIRS, VSCODE_IPC_HOOK, CONTAINER_ID]
2025-12-12T16:57:11.110+0000 [DEBUG] [org.gradle.launcher.daemon.server.exec.LogToClient] About to start relaying all logs to the client via the connection.
2025-12-12T16:57:11.111+0000 [INFO] [org.gradle.launcher.daemon.server.exec.LogToClient] The client will now receive all logging from the daemon (pid: 275408). The daemon log file: /home/butterfly/dev/abcraft/argus/gradle-home/daemon/9.2.1/daemon-275408.out.log
2025-12-12T16:57:11.112+0000 [INFO] [org.gradle.launcher.daemon.server.exec.LogAndCheckHealth] Starting build in new daemon [memory: 2 GiB]
2025-12-12T16:57:11.115+0000 [DEBUG] [org.gradle.launcher.daemon.server.exec.ExecuteBuild] The daemon has started executing the build.
2025-12-12T16:57:11.116+0000 [DEBUG] [org.gradle.launcher.daemon.server.exec.ExecuteBuild] Executing build with daemon context: DefaultDaemonContext[uid=031a19ac-b954-4818-bb0f-6ff87eaf2ca8,javaHome=/home/butterfly/.sdkman/candidates/java/21.0.5-tem,javaVersion=21,javaVendor=Eclipse Adoptium,daemonRegistryDir=/home/butterfly/dev/abcraft/argus/gradle-home/daemon,pid=275408,idleTimeout=10800000,priority=NORMAL,applyInstrumentationAgent=true,nativeServicesMode=ENABLED,daemonOpts=-Xmx2G,-Dfile.encoding=UTF-8,-Duser.country=US,-Duser.language=en,-Duser.variant]
Fabric Loom: 1.11.8
thread 47: client disconnection detected, canceling the build

FAILURE: Build failed with an exception.

* What went wrong:
A problem occurred configuring project ':neoforge'.
> Multiple build operations failed.
      Build cancelled while executing InstrumentationAnalysisTransform: /home/butterfly/dev/abcraft/argus/gradle-home/caches/modules-2/files-2.1/net.neoforged/groovydslimprover/2.0.0/21b76c4963e260fd8ea0e18e51052af9d12418a7/groovydslimprover-2.0.0-base.jar
      Build cancelled while executing InstrumentationAnalysisTransform: /home/butterfly/dev/abcraft/argus/gradle-home/caches/modules-2/files-2.1/net.neoforged.gradle/userdev/7.1.6/2e198e2013a4b0b258e9712081f48757e7342254/userdev-7.1.6.jar
      Build cancelled while executing InstrumentationAnalysisTransform: /home/butterfly/dev/abcraft/argus/gradle-home/caches/modules-2/files-2.1/org.jetbrains/annotations/23.0.0/8cc20c07506ec18e0834947b84a864bfc094484e/annotations-23.0.0.jar
      Build cancelled while executing InstrumentationAnalysisTransform: /home/butterfly/dev/abcraft/argus/gradle-home/caches/modules-2/files-2.1/net.neoforged.gradle/utils/7.1.6/96e9aa2143e77b2c80a6012909a0ec2b0c9e79f/utils-7.1.6.jar
      Build cancelled while executing InstrumentationAnalysisTransform: /home/butterfly/dev/abcraft/argus/gradle-home/caches/modules-2/files-2.1/net.neoforged/groovydslimprover/2.0.0/9453dbe95a9aaa048fdc168339d28a05947bb57e/groovydslimprover-2.0.0-runtime.jar
      Build cancelled while executing InstrumentationAnalysisTransform: /home/butterfly/dev/abcraft/argus/gradle-home/caches/modules-2/files-2.1/net.neoforged/VscLaunchConfigs/1.0.8/75b7f96b888d026b2b2d74194a28ffdc2633d323/VscLaunchConfigs-1.0.8.jar
      Build cancelled while executing InstrumentationAnalysisTransform: /home/butterfly/dev/abcraft/argus/gradle-home/caches/modules-2/files-2.1/net.neoforged.gradle/neoform/7.1.6/6d5af89288f609ebb1c489476bc60bc669385a11/neoform-7.1.6.jar
      Build cancelled while executing InstrumentationAnalysisTransform: /home/butterfly/dev/abcraft/argus/gradle-home/caches/modules-2/files-2.1/net.neoforged/JarJarMetadata/0.4.1/f8da03683dc81694556dc3e177c5e3bb77ae6fcb/JarJarMetadata-0.4.1.jar
      Build cancelled while executing InstrumentationAnalysisTransform: /home/butterfly/dev/abcraft/argus/gradle-home/caches/modules-2/files-2.1/net.neoforged.gradle/dsl-neoform/7.1.6/45ac2eca515cf080c4b849e9e53bd63821e23a69/dsl-neoform-7.1.6.jar
      Build cancelled while executing InstrumentationAnalysisTransform: /home/butterfly/dev/abcraft/argus/gradle-home/caches/modules-2/files-2.1/net.neoforged.gradle/dsl-userdev/7.1.6/259d814e832659188b9f495cc7df93151d784d82/dsl-userdev-7.1.6.jar
      ...and 46 more failures.
   > Build cancelled while executing InstrumentationAnalysisTransform: /home/butterfly/dev/abcraft/argus/gradle-home/caches/modules-2/files-2.1/net.neoforged/groovydslimprover/2.0.0/21b76c4963e260fd8ea0e18e51052af9d12418a7/groovydslimprover-2.0.0-base.jar
   > Build cancelled while executing InstrumentationAnalysisTransform: /home/butterfly/dev/abcraft/argus/gradle-home/caches/modules-2/files-2.1/net.neoforged.gradle/userdev/7.1.6/2e198e2013a4b0b258e9712081f48757e7342254/userdev-7.1.6.jar
   > Build cancelled while executing InstrumentationAnalysisTransform: /home/butterfly/dev/abcraft/argus/gradle-home/caches/modules-2/files-2.1/org.jetbrains/annotations/23.0.0/8cc20c07506ec18e0834947b84a864bfc094484e/annotations-23.0.0.jar
   > Build cancelled while executing InstrumentationAnalysisTransform: /home/butterfly/dev/abcraft/argus/gradle-home/caches/modules-2/files-2.1/net.neoforged.gradle/utils/7.1.6/96e9aa2143e77b2c80a6012909a0ec2b0c9e79f/utils-7.1.6.jar
   > Build cancelled while executing InstrumentationAnalysisTransform: /home/butterfly/dev/abcraft/argus/gradle-home/caches/modules-2/files-2.1/net.neoforged/groovydslimprover/2.0.0/9453dbe95a9aaa048fdc168339d28a05947bb57e/groovydslimprover-2.0.0-runtime.jar
   > Build cancelled while executing InstrumentationAnalysisTransform: /home/butterfly/dev/abcraft/argus/gradle-home/caches/modules-2/files-2.1/net.neoforged/VscLaunchConfigs/1.0.8/75b7f96b888d026b2b2d74194a28ffdc2633d323/VscLaunchConfigs-1.0.8.jar
   > Build cancelled while executing InstrumentationAnalysisTransform: /home/butterfly/dev/abcraft/argus/gradle-home/caches/modules-2/files-2.1/net.neoforged.gradle/neoform/7.1.6/6d5af89288f609ebb1c489476bc60bc669385a11/neoform-7.1.6.jar
   > Build cancelled while executing InstrumentationAnalysisTransform: /home/butterfly/dev/abcraft/argus/gradle-home/caches/modules-2/files-2.1/net.neoforged/JarJarMetadata/0.4.1/f8da03683dc81694556dc3e177c5e3bb77ae6fcb/JarJarMetadata-0.4.1.jar
   > Build cancelled while executing InstrumentationAnalysisTransform: /home/butterfly/dev/abcraft/argus/gradle-home/caches/modules-2/files-2.1/net.neoforged.gradle/dsl-neoform/7.1.6/45ac2eca515cf080c4b849e9e53bd63821e23a69/dsl-neoform-7.1.6.jar
   > Build cancelled while executing InstrumentationAnalysisTransform: /home/butterfly/dev/abcraft/argus/gradle-home/caches/modules-2/files-2.1/net.neoforged.gradle/dsl-userdev/7.1.6/259d814e832659188b9f495cc7df93151d784d82/dsl-userdev-7.1.6.jar
   > Build cancelled while executing InstrumentationAnalysisTransform: /home/butterfly/dev/abcraft/argus/gradle-home/caches/modules-2/files-2.1/net.minecraftforge/unsafe/0.2.0/54d7a0a5e8fdb71b973025caa46f341ae5904f39/unsafe-0.2.0.jar
   > Build cancelled while executing InstrumentationAnalysisTransform: /home/butterfly/dev/abcraft/argus/gradle-home/caches/modules-2/files-2.1/net.neoforged/groovydslimprover/2.0.0/9ef57a217b6a814d12d6b8932d98f01f2024b8dc/groovydslimprover-2.0.0.jar
   > Build cancelled while executing InstrumentationAnalysisTransform: /home/butterfly/dev/abcraft/argus/gradle-home/caches/modules-2/files-2.1/org.apache.maven/maven-artifact/3.8.5/4433f50c07debefaed0553bd0068f4f48d449313/maven-artifact-3.8.5.jar
   > Build cancelled while executing InstrumentationAnalysisTransform: /home/butterfly/dev/abcraft/argus/gradle-home/caches/modules-2/files-2.1/net.neoforged/JarJarSelector/0.4.1/fb3cc7a58af22ad2880adb98af6d518128c47dae/JarJarSelector-0.4.1.jar
   > Build cancelled while executing InstrumentationAnalysisTransform: /home/butterfly/dev/abcraft/argus/gradle-home/caches/modules-2/files-2.1/commons-io/commons-io/2.11.0/a2503f302b11ebde7ebc3df41daebe0e4eea3689/commons-io-2.11.0.jar
   > Build cancelled while executing InstrumentationAnalysisTransform: /home/butterfly/dev/abcraft/argus/gradle-home/caches/modules-2/files-2.1/net.neoforged/groovydslimprover/2.0.0/21b76c4963e260fd8ea0e18e51052af9d12418a7/groovydslimprover-2.0.0-base.jar
   > Build cancelled while executing InstrumentationAnalysisTransform: /home/butterfly/dev/abcraft/argus/gradle-home/caches/modules-2/files-2.1/gradle.plugin.org.jetbrains.gradle.plugin.idea-ext/gradle-idea-ext/1.2/bba74ff0295a7e94b6332b06e1b8d8a81e5b7273/gradle-idea-ext-1.2.jar
   > Build cancelled while executing InstrumentationAnalysisTransform: /home/butterfly/dev/abcraft/argus/gradle-home/caches/modules-2/files-2.1/net.minecraftforge/srgutils/0.4.13/4f577f14f18a8b53b7e7da105952d4d664aafa48/srgutils-0.4.13.jar
   > Build cancelled while executing InstrumentationAnalysisTransform: /home/butterfly/dev/abcraft/argus/gradle-home/caches/modules-2/files-2.1/io.codechicken/DiffPatch/2.0.0.35/a4527d45e640a7807a3b68ff0cf668c4a1bc434b/DiffPatch-2.0.0.35.jar
   > Build cancelled while executing InstrumentationAnalysisTransform: /home/butterfly/dev/abcraft/argus/gradle-home/caches/modules-2/files-2.1/de.siegmar/fastcsv/2.2.0/d38ad4d6e2c3d007f9ca8f3287b0db51d4bf4537/fastcsv-2.2.0.jar
   > Could not isolate parameters org.gradle.api.internal.initialization.transform.MergeInstrumentationAnalysisTransform$Parameters_Decorated@14ff8826 of artifact transform MergeInstrumentationAnalysisTransform
      > Could not isolate value org.gradle.api.internal.initialization.transform.MergeInstrumentationAnalysisTransform$Parameters_Decorated@14ff8826 of type MergeInstrumentationAnalysisTransform.Parameters
         > Multiple build operations failed.
               Build cancelled while executing InstrumentationAnalysisTransform: /home/butterfly/dev/abcraft/argus/gradle-home/caches/modules-2/files-2.1/net.neoforged.gradle/dsl-neoform/7.1.6/45ac2eca515cf080c4b849e9e53bd63821e23a69/dsl-neoform-7.1.6.jar
               Build cancelled while executing InstrumentationAnalysisTransform: /home/butterfly/dev/abcraft/argus/gradle-home/caches/modules-2/files-2.1/net.neoforged.gradle/userdev/7.1.6/2e198e2013a4b0b258e9712081f48757e7342254/userdev-7.1.6.jar
               Build cancelled while executing InstrumentationAnalysisTransform: /home/butterfly/dev/abcraft/argus/gradle-home/caches/modules-2/files-2.1/net.neoforged.gradle/neoform/7.1.6/6d5af89288f609ebb1c489476bc60bc669385a11/neoform-7.1.6.jar
               Build cancelled while executing InstrumentationAnalysisTransform: /home/butterfly/dev/abcraft/argus/gradle-home/caches/modules-2/files-2.1/net.neoforged/VscLaunchConfigs/1.0.8/75b7f96b888d026b2b2d74194a28ffdc2633d323/VscLaunchConfigs-1.0.8.jar
               Build cancelled while executing InstrumentationAnalysisTransform: /home/butterfly/dev/abcraft/argus/gradle-home/caches/modules-2/files-2.1/net.neoforged/groovydslimprover/2.0.0/21b76c4963e260fd8ea0e18e51052af9d12418a7/groovydslimprover-2.0.0-base.jar
               Build cancelled while executing InstrumentationAnalysisTransform: /home/butterfly/dev/abcraft/argus/gradle-home/caches/modules-2/files-2.1/net.neoforged/JarJarMetadata/0.4.1/f8da03683dc81694556dc3e177c5e3bb77ae6fcb/JarJarMetadata-0.4.1.jar
               Build cancelled while executing InstrumentationAnalysisTransform: /home/butterfly/dev/abcraft/argus/gradle-home/caches/modules-2/files-2.1/net.neoforged/groovydslimprover/2.0.0/21b76c4963e260fd8ea0e18e51052af9d12418a7/groovydslimprover-2.0.0-base.jar
               Build cancelled while executing InstrumentationAnalysisTransform: /home/butterfly/dev/abcraft/argus/gradle-home/caches/modules-2/files-2.1/net.neoforged/groovydslimprover/2.0.0/9453dbe95a9aaa048fdc168339d28a05947bb57e/groovydslimprover-2.0.0-runtime.jar
               Build cancelled while executing InstrumentationAnalysisTransform: /home/butterfly/dev/abcraft/argus/gradle-home/caches/modules-2/files-2.1/net.neoforged.gradle/dsl-userdev/7.1.6/259d814e832659188b9f495cc7df93151d784d82/dsl-userdev-7.1.6.jar
               Build cancelled while executing InstrumentationAnalysisTransform: /home/butterfly/dev/abcraft/argus/gradle-home/caches/modules-2/files-2.1/net.neoforged.gradle/utils/7.1.6/96e9aa2143e77b2c80a6012909a0ec2b0c9e79f/utils-7.1.6.jar
               ...and 43 more failures.
            > Build cancelled while executing InstrumentationAnalysisTransform: /home/butterfly/dev/abcraft/argus/gradle-home/caches/modules-2/files-2.1/net.neoforged.gradle/dsl-neoform/7.1.6/45ac2eca515cf080c4b849e9e53bd63821e23a69/dsl-neoform-7.1.6.jar
            > Build cancelled while executing InstrumentationAnalysisTransform: /home/butterfly/dev/abcraft/argus/gradle-home/caches/modules-2/files-2.1/net.neoforged.gradle/userdev/7.1.6/2e198e2013a4b0b258e9712081f48757e7342254/userdev-7.1.6.jar
            > Build cancelled while executing InstrumentationAnalysisTransform: /home/butterfly/dev/abcraft/argus/gradle-home/caches/modules-2/files-2.1/net.neoforged.gradle/neoform/7.1.6/6d5af89288f609ebb1c489476bc60bc669385a11/neoform-7.1.6.jar
            > Build cancelled while executing InstrumentationAnalysisTransform: /home/butterfly/dev/abcraft/argus/gradle-home/caches/modules-2/files-2.1/net.neoforged/VscLaunchConfigs/1.0.8/75b7f96b888d026b2b2d74194a28ffdc2633d323/VscLaunchConfigs-1.0.8.jar
            > Build cancelled while executing InstrumentationAnalysisTransform: /home/butterfly/dev/abcraft/argus/gradle-home/caches/modules-2/files-2.1/net.neoforged/groovydslimprover/2.0.0/21b76c4963e260fd8ea0e18e51052af9d12418a7/groovydslimprover-2.0.0-base.jar
            > Build cancelled while executing InstrumentationAnalysisTransform: /home/butterfly/dev/abcraft/argus/gradle-home/caches/modules-2/files-2.1/net.neoforged/JarJarMetadata/0.4.1/f8da03683dc81694556dc3e177c5e3bb77ae6fcb/JarJarMetadata-0.4.1.jar
            > Build cancelled while executing InstrumentationAnalysisTransform: /home/butterfly/dev/abcraft/argus/gradle-home/caches/modules-2/files-2.1/net.neoforged/groovydslimprover/2.0.0/21b76c4963e260fd8ea0e18e51052af9d12418a7/groovydslimprover-2.0.0-base.jar
            > Build cancelled while executing InstrumentationAnalysisTransform: /home/butterfly/dev/abcraft/argus/gradle-home/caches/modules-2/files-2.1/net.neoforged/groovydslimprover/2.0.0/9453dbe95a9aaa048fdc168339d28a05947bb57e/groovydslimprover-2.0.0-runtime.jar
            > Build cancelled while executing InstrumentationAnalysisTransform: /home/butterfly/dev/abcraft/argus/gradle-home/caches/modules-2/files-2.1/net.neoforged.gradle/dsl-userdev/7.1.6/259d814e832659188b9f495cc7df93151d784d82/dsl-userdev-7.1.6.jar
            > Build cancelled while executing InstrumentationAnalysisTransform: /home/butterfly/dev/abcraft/argus/gradle-home/caches/modules-2/files-2.1/net.neoforged.gradle/utils/7.1.6/96e9aa2143e77b2c80a6012909a0ec2b0c9e79f/utils-7.1.6.jar
            > Build cancelled while executing InstrumentationAnalysisTransform: /home/butterfly/dev/abcraft/argus/gradle-home/caches/modules-2/files-2.1/org.jetbrains/annotations/23.0.0/8cc20c07506ec18e0834947b84a864bfc094484e/annotations-23.0.0.jar
            > Build cancelled while executing InstrumentationAnalysisTransform: /home/butterfly/dev/abcraft/argus/gradle-home/caches/modules-2/files-2.1/net.neoforged.gradle/dsl-common/7.1.6/6df63767040dbdc717e361f383c3c5629bb08a61/dsl-common-7.1.6.jar
            > Build cancelled while executing InstrumentationAnalysisTransform: /home/butterfly/dev/abcraft/argus/gradle-home/caches/modules-2/files-2.1/commons-io/commons-io/2.11.0/a2503f302b11ebde7ebc3df41daebe0e4eea3689/commons-io-2.11.0.jar
            > Build cancelled while executing InstrumentationAnalysisTransform: /home/butterfly/dev/abcraft/argus/gradle-home/caches/modules-2/files-2.1/net.neoforged/groovydslimprover/2.0.0/9ef57a217b6a814d12d6b8932d98f01f2024b8dc/groovydslimprover-2.0.0.jar
            > Build cancelled while executing InstrumentationAnalysisTransform: /home/butterfly/dev/abcraft/argus/gradle-home/caches/modules-2/files-2.1/net.neoforged.gradle/common/7.1.6/2aa4204f2356159dca900b6b45f97257a184b590/common-7.1.6.jar
            > Build cancelled while executing InstrumentationAnalysisTransform: /home/butterfly/dev/abcraft/argus/gradle-home/caches/modules-2/files-2.1/de.siegmar/fastcsv/2.2.0/d38ad4d6e2c3d007f9ca8f3287b0db51d4bf4537/fastcsv-2.2.0.jar
            > Build cancelled while executing InstrumentationAnalysisTransform: /home/butterfly/dev/abcraft/argus/gradle-home/caches/modules-2/files-2.1/net.minecraftforge/unsafe/0.2.0/54d7a0a5e8fdb71b973025caa46f341ae5904f39/unsafe-0.2.0.jar
            > Build cancelled while executing InstrumentationAnalysisTransform: /home/butterfly/dev/abcraft/argus/gradle-home/caches/modules-2/files-2.1/net.neoforged/groovydslimprover/2.0.0/21b76c4963e260fd8ea0e18e51052af9d12418a7/groovydslimprover-2.0.0-base.jar
            > Build cancelled while executing InstrumentationAnalysisTransform: /home/butterfly/dev/abcraft/argus/gradle-home/caches/modules-2/files-2.1/org.apache.maven/maven-artifact/3.8.5/4433f50c07debefaed0553bd0068f4f48d449313/maven-artifact-3.8.5.jar
            > Build cancelled while executing InstrumentationAnalysisTransform: /home/butterfly/dev/abcraft/argus/gradle-home/caches/modules-2/files-2.1/net.neoforged/JarJarSelector/0.4.1/fb3cc7a58af22ad2880adb98af6d518128c47dae/JarJarSelector-0.4.1.jar
            > Build cancelled while executing InstrumentationAnalysisTransform: /home/butterfly/dev/abcraft/argus/gradle-home/caches/modules-2/files-2.1/net.neoforged/groovydslimprover/2.0.0/21b76c4963e260fd8ea0e18e51052af9d12418a7/groovydslimprover-2.0.0-base.jar
            > Build cancelled while executing InstrumentationAnalysisTransform: /home/butterfly/dev/abcraft/argus/gradle-home/caches/modules-2/files-2.1/net.minecraftforge/srgutils/0.4.13/4f577f14f18a8b53b7e7da105952d4d664aafa48/srgutils-0.4.13.jar
            > Build cancelled while executing InstrumentationAnalysisTransform: /home/butterfly/dev/abcraft/argus/gradle-home/caches/modules-2/files-2.1/org.ow2.asm/asm-tree/9.9/f8de6eead6d24dd0f45bd065bbe112b2cda6ea21/asm-tree-9.9.jar
            > Build cancelled while executing InstrumentationAnalysisTransform: /home/butterfly/dev/abcraft/argus/gradle-home/caches/modules-2/files-2.1/org.ow2.asm/asm-commons/9.9/db9165a3bf908ded6b08612d583a15d1d0c7bda0/asm-commons-9.9.jar
            > Build cancelled while executing InstrumentationAnalysisTransform: /home/butterfly/dev/abcraft/argus/gradle-home/caches/modules-2/files-2.1/com.google.j2objc/j2objc-annotations/1.3/ba035118bc8bac37d7eff77700720999acd9986d/j2objc-annotations-1.3.jar
            > Build cancelled while executing InstrumentationAnalysisTransform: /home/butterfly/dev/abcraft/argus/gradle-home/caches/modules-2/files-2.1/com.google.guava/failureaccess/1.0.1/1dcf1de382a0bf95a3d8b0849546c88bac1292c9/failureaccess-1.0.1.jar
            > Build cancelled while executing InstrumentationAnalysisTransform: /home/butterfly/dev/abcraft/argus/gradle-home/caches/modules-2/files-2.1/com.google.code.gson/gson/2.10.1/b3add478d4382b78ea20b1671390a858002feb6c/gson-2.10.1.jar
            > Build cancelled while executing InstrumentationAnalysisTransform: /home/butterfly/dev/abcraft/argus/gradle-home/caches/modules-2/files-2.1/gradle.plugin.org.jetbrains.gradle.plugin.idea-ext/gradle-idea-ext/1.2/bba74ff0295a7e94b6332b06e1b8d8a81e5b7273/gradle-idea-ext-1.2.jar
            > Build cancelled while executing InstrumentationAnalysisTransform: /home/butterfly/dev/abcraft/argus/gradle-home/caches/modules-2/files-2.1/org.ow2.asm/asm/9.9/c29635c8a7afa03d74b33c1884df8abb2b3f3dcc/asm-9.9.jar
            > Build cancelled while executing InstrumentationAnalysisTransform: /home/butterfly/dev/abcraft/argus/gradle-home/caches/modules-2/files-2.1/com.google.errorprone/error_prone_annotations/2.11.0/c5a0ace696d3f8b1c1d8cc036d8c03cc0cbe6b69/error_prone_annotations-2.11.0.jar
            > Build cancelled while executing InstrumentationAnalysisTransform: /home/butterfly/dev/abcraft/argus/gradle-home/caches/modules-2/files-2.1/io.codechicken/DiffPatch/2.0.0.35/a4527d45e640a7807a3b68ff0cf668c4a1bc434b/DiffPatch-2.0.0.35.jar
            > Build cancelled while executing InstrumentationAnalysisTransform: /home/butterfly/dev/abcraft/argus/gradle-home/caches/modules-2/files-2.1/net.neoforged/EclipseLaunchConfigs/0.1.3/b088af8d08afe8069504ae9d26d766e202f936d4/EclipseLaunchConfigs-0.1.3.jar
            > Build cancelled while executing InstrumentationAnalysisTransform: /home/butterfly/dev/abcraft/argus/gradle-home/caches/modules-2/files-2.1/org.checkerframework/checker-qual/3.12.0/d5692f0526415fcc6de94bb5bfbd3afd9dd3b3e5/checker-qual-3.12.0.jar
            > Build cancelled while executing InstrumentationAnalysisTransform: /home/butterfly/dev/abcraft/argus/gradle-home/caches/modules-2/files-2.1/commons-codec/commons-codec/1.15/49d94806b6e3dc933dacbd8acb0fdbab8ebd1e5d/commons-codec-1.15.jar
            > Build cancelled while executing InstrumentationAnalysisTransform: /home/butterfly/dev/abcraft/argus/gradle-home/caches/modules-2/files-2.1/org.apache.httpcomponents/httpclient/4.5.13/e5f6cae5ca7ecaac1ec2827a9e2d65ae2869cada/httpclient-4.5.13.jar
            > Build cancelled while executing InstrumentationAnalysisTransform: /home/butterfly/dev/abcraft/argus/gradle-home/caches/modules-2/files-2.1/net.covers1624/Quack/0.4.10.101/970b7f652b5c40c893ef9a4bf13a97a291587d74/Quack-0.4.10.101.jar
            > Build cancelled while executing InstrumentationAnalysisTransform: /home/butterfly/dev/abcraft/argus/gradle-home/caches/modules-2/files-2.1/org.apache.httpcomponents/httpcore/4.4.13/853b96d3afbb7bf8cc303fe27ee96836a10c1834/httpcore-4.4.13.jar
            > Build cancelled while executing InstrumentationAnalysisTransform: /home/butterfly/dev/abcraft/argus/gradle-home/caches/modules-2/files-2.1/org.codehaus.plexus/plexus-utils/3.3.0/cf43b5391de623b36fe066a21127baef82c64022/plexus-utils-3.3.0.jar
            > Build cancelled while executing InstrumentationAnalysisTransform: /home/butterfly/dev/abcraft/argus/gradle-home/caches/modules-2/files-2.1/org.apache.commons/commons-lang3/3.9/122c7cee69b53ed4a7681c03d4ee4c0e2765da5/commons-lang3-3.9.jar
            > Build cancelled while executing InstrumentationAnalysisTransform: /home/butterfly/dev/abcraft/argus/gradle-home/caches/modules-2/files-2.1/org.apache.ivy/ivy/2.5.1/7fac35f24f89776e7b78ec98658d8bc8f22f7e89/ivy-2.5.1.jar
            > Build cancelled while executing InstrumentationAnalysisTransform: /home/butterfly/dev/abcraft/argus/gradle-home/caches/modules-2/files-2.1/org.tukaani/xz/1.8/c4f7d054303948eb6a4066194253886c8af07128/xz-1.8.jar
            > Build cancelled while executing InstrumentationAnalysisTransform: /home/butterfly/dev/abcraft/argus/gradle-home/caches/modules-2/files-2.1/net.sf.jopt-simple/jopt-simple/5.0.4/4fdac2fbe92dfad86aa6e9301736f6b4342a3f5c/jopt-simple-5.0.4.jar
            > Build cancelled while executing InstrumentationAnalysisTransform: /home/butterfly/dev/abcraft/argus/gradle-home/caches/modules-2/files-2.1/com.fasterxml.jackson.core/jackson-annotations/2.15.2/4724a65ac8e8d156a24898d50fd5dbd3642870b8/jackson-annotations-2.15.2.jar
            > Build cancelled while executing InstrumentationAnalysisTransform: /home/butterfly/dev/abcraft/argus/gradle-home/caches/modules-2/files-2.1/com.fasterxml.jackson.core/jackson-core/2.15.2/a6fe1836469a69b3ff66037c324d75fc66ef137c/jackson-core-2.15.2.jar
            > Build cancelled while executing InstrumentationAnalysisTransform: /home/butterfly/dev/abcraft/argus/gradle-home/caches/modules-2/files-2.1/com.google.guava/guava/31.1-jre/60458f877d055d0c9114d9e1a2efb737b4bc282c/guava-31.1-jre.jar
            > Build cancelled while executing InstrumentationAnalysisTransform: /home/butterfly/dev/abcraft/argus/gradle-home/caches/modules-2/files-2.1/com.fasterxml.jackson.dataformat/jackson-dataformat-xml/2.15.2/e7e9038dee5c1adb1ebd07d3669e0e1182ac5b60/jackson-dataformat-xml-2.15.2.jar
            > Build cancelled while executing InstrumentationAnalysisTransform: /home/butterfly/dev/abcraft/argus/gradle-home/caches/modules-2/files-2.1/org.slf4j/slf4j-api/1.7.30/b5a4b6d16ab13e34a88fae84c35cd5d68cac922c/slf4j-api-1.7.30.jar
            > Build cancelled while executing InstrumentationAnalysisTransform: /home/butterfly/dev/abcraft/argus/gradle-home/caches/modules-2/files-2.1/com.machinezoo.noexception/noexception/1.7.1/b65330c98e38a1f915fa54a6e5eca496505e3f0a/noexception-1.7.1.jar
            > Build cancelled while executing InstrumentationAnalysisTransform: /home/butterfly/dev/abcraft/argus/gradle-home/caches/modules-2/files-2.1/org.apache.commons/commons-compress/1.18/1191f9f2bc0c47a8cce69193feb1ff0a8bcb37d5/commons-compress-1.18.jar
            > Build cancelled while executing InstrumentationAnalysisTransform: /home/butterfly/dev/abcraft/argus/gradle-home/caches/modules-2/files-2.1/org.codehaus.woodstox/stax2-api/4.2.1/a3f7325c52240418c2ba257b103c3c550e140c83/stax2-api-4.2.1.jar
            > Build cancelled while executing InstrumentationAnalysisTransform: /home/butterfly/dev/abcraft/argus/gradle-home/caches/modules-2/files-2.1/com.fasterxml.jackson.core/jackson-databind/2.15.2/9353b021f10c307c00328f52090de2bdb4b6ff9c/jackson-databind-2.15.2.jar
            > Build cancelled while executing InstrumentationAnalysisTransform: /home/butterfly/dev/abcraft/argus/gradle-home/caches/modules-2/files-2.1/com.fasterxml.woodstox/woodstox-core/6.5.1/c6e52e84fe959e69a243c83ec7d24cd889444ddf/woodstox-core-6.5.1.jar
            > Build cancelled while executing InstrumentationAnalysisTransform: /home/butterfly/dev/abcraft/argus/gradle-home/caches/modules-2/files-2.1/it.unimi.dsi/fastutil/8.3.1/ff33b340d60b81f4c1015fa8008bb30ff0a0d53b/fastutil-8.3.1.jar
   > Build cancelled while executing InstrumentationAnalysisTransform: /home/butterfly/dev/abcraft/argus/gradle-home/caches/modules-2/files-2.1/net.neoforged.gradle/common/7.1.6/2aa4204f2356159dca900b6b45f97257a184b590/common-7.1.6.jar
   > Build cancelled while executing InstrumentationAnalysisTransform: /home/butterfly/dev/abcraft/argus/gradle-home/caches/modules-2/files-2.1/com.google.guava/failureaccess/1.0.1/1dcf1de382a0bf95a3d8b0849546c88bac1292c9/failureaccess-1.0.1.jar
   > Build cancelled while executing InstrumentationAnalysisTransform: /home/butterfly/dev/abcraft/argus/gradle-home/caches/modules-2/files-2.1/commons-codec/commons-codec/1.15/49d94806b6e3dc933dacbd8acb0fdbab8ebd1e5d/commons-codec-1.15.jar
   > Build cancelled while executing InstrumentationAnalysisTransform: /home/butterfly/dev/abcraft/argus/gradle-home/caches/modules-2/files-2.1/com.google.errorprone/error_prone_annotations/2.11.0/c5a0ace696d3f8b1c1d8cc036d8c03cc0cbe6b69/error_prone_annotations-2.11.0.jar
   > Build cancelled while executing InstrumentationAnalysisTransform: /home/butterfly/dev/abcraft/argus/gradle-home/caches/modules-2/files-2.1/net.neoforged/groovydslimprover/2.0.0/21b76c4963e260fd8ea0e18e51052af9d12418a7/groovydslimprover-2.0.0-base.jar
   > Build cancelled while executing InstrumentationAnalysisTransform: /home/butterfly/dev/abcraft/argus/gradle-home/caches/modules-2/files-2.1/com.google.j2objc/j2objc-annotations/1.3/ba035118bc8bac37d7eff77700720999acd9986d/j2objc-annotations-1.3.jar
   > Build cancelled while executing InstrumentationAnalysisTransform: /home/butterfly/dev/abcraft/argus/gradle-home/caches/modules-2/files-2.1/org.ow2.asm/asm-tree/9.9/f8de6eead6d24dd0f45bd065bbe112b2cda6ea21/asm-tree-9.9.jar
   > Build cancelled while executing InstrumentationAnalysisTransform: /home/butterfly/dev/abcraft/argus/gradle-home/caches/modules-2/files-2.1/com.google.code.gson/gson/2.10.1/b3add478d4382b78ea20b1671390a858002feb6c/gson-2.10.1.jar
   > Build cancelled while executing InstrumentationAnalysisTransform: /home/butterfly/dev/abcraft/argus/gradle-home/caches/modules-2/files-2.1/net.neoforged.gradle/dsl-common/7.1.6/6df63767040dbdc717e361f383c3c5629bb08a61/dsl-common-7.1.6.jar
   > Build cancelled while executing InstrumentationAnalysisTransform: /home/butterfly/dev/abcraft/argus/gradle-home/caches/modules-2/files-2.1/org.ow2.asm/asm-commons/9.9/db9165a3bf908ded6b08612d583a15d1d0c7bda0/asm-commons-9.9.jar
   > Build cancelled while executing InstrumentationAnalysisTransform: /home/butterfly/dev/abcraft/argus/gradle-home/caches/modules-2/files-2.1/net.neoforged/EclipseLaunchConfigs/0.1.3/b088af8d08afe8069504ae9d26d766e202f936d4/EclipseLaunchConfigs-0.1.3.jar
   > Build cancelled while executing InstrumentationAnalysisTransform: /home/butterfly/dev/abcraft/argus/gradle-home/caches/modules-2/files-2.1/org.checkerframework/checker-qual/3.12.0/d5692f0526415fcc6de94bb5bfbd3afd9dd3b3e5/checker-qual-3.12.0.jar
   > Build cancelled while executing InstrumentationAnalysisTransform: /home/butterfly/dev/abcraft/argus/gradle-home/caches/modules-2/files-2.1/org.codehaus.plexus/plexus-utils/3.3.0/cf43b5391de623b36fe066a21127baef82c64022/plexus-utils-3.3.0.jar
   > Build cancelled while executing InstrumentationAnalysisTransform: /home/butterfly/dev/abcraft/argus/gradle-home/caches/modules-2/files-2.1/org.apache.httpcomponents/httpclient/4.5.13/e5f6cae5ca7ecaac1ec2827a9e2d65ae2869cada/httpclient-4.5.13.jar
   > Build cancelled while executing InstrumentationAnalysisTransform: /home/butterfly/dev/abcraft/argus/gradle-home/caches/modules-2/files-2.1/net.neoforged/groovydslimprover/2.0.0/21b76c4963e260fd8ea0e18e51052af9d12418a7/groovydslimprover-2.0.0-base.jar
   > Build cancelled while executing InstrumentationAnalysisTransform: /home/butterfly/dev/abcraft/argus/gradle-home/caches/modules-2/files-2.1/org.ow2.asm/asm/9.9/c29635c8a7afa03d74b33c1884df8abb2b3f3dcc/asm-9.9.jar
   > Build cancelled while executing InstrumentationAnalysisTransform: /home/butterfly/dev/abcraft/argus/gradle-home/caches/modules-2/files-2.1/org.apache.httpcomponents/httpcore/4.4.13/853b96d3afbb7bf8cc303fe27ee96836a10c1834/httpcore-4.4.13.jar
   > Build cancelled while executing InstrumentationAnalysisTransform: /home/butterfly/dev/abcraft/argus/gradle-home/caches/modules-2/files-2.1/org.apache.commons/commons-lang3/3.9/122c7cee69b53ed4a7681c03d4ee4c0e2765da5/commons-lang3-3.9.jar
   > Build cancelled while executing InstrumentationAnalysisTransform: /home/butterfly/dev/abcraft/argus/gradle-home/caches/modules-2/files-2.1/net.sf.jopt-simple/jopt-simple/5.0.4/4fdac2fbe92dfad86aa6e9301736f6b4342a3f5c/jopt-simple-5.0.4.jar
   > Build cancelled while executing InstrumentationAnalysisTransform: /home/butterfly/dev/abcraft/argus/gradle-home/caches/modules-2/files-2.1/net.covers1624/Quack/0.4.10.101/970b7f652b5c40c893ef9a4bf13a97a291587d74/Quack-0.4.10.101.jar
   > Build cancelled while executing InstrumentationAnalysisTransform: /home/butterfly/dev/abcraft/argus/gradle-home/caches/modules-2/files-2.1/com.fasterxml.jackson.dataformat/jackson-dataformat-xml/2.15.2/e7e9038dee5c1adb1ebd07d3669e0e1182ac5b60/jackson-dataformat-xml-2.15.2.jar
   > Build cancelled while executing InstrumentationAnalysisTransform: /home/butterfly/dev/abcraft/argus/gradle-home/caches/modules-2/files-2.1/org.apache.ivy/ivy/2.5.1/7fac35f24f89776e7b78ec98658d8bc8f22f7e89/ivy-2.5.1.jar
   > Build cancelled while executing InstrumentationAnalysisTransform: /home/butterfly/dev/abcraft/argus/gradle-home/caches/modules-2/files-2.1/org.slf4j/slf4j-api/1.7.30/b5a4b6d16ab13e34a88fae84c35cd5d68cac922c/slf4j-api-1.7.30.jar
   > Build cancelled while executing InstrumentationAnalysisTransform: /home/butterfly/dev/abcraft/argus/gradle-home/caches/modules-2/files-2.1/org.apache.commons/commons-compress/1.18/1191f9f2bc0c47a8cce69193feb1ff0a8bcb37d5/commons-compress-1.18.jar
   > Build cancelled while executing InstrumentationAnalysisTransform: /home/butterfly/dev/abcraft/argus/gradle-home/caches/modules-2/files-2.1/org.tukaani/xz/1.8/c4f7d054303948eb6a4066194253886c8af07128/xz-1.8.jar
   > Build cancelled while executing InstrumentationAnalysisTransform: /home/butterfly/dev/abcraft/argus/gradle-home/caches/modules-2/files-2.1/com.fasterxml.jackson.core/jackson-annotations/2.15.2/4724a65ac8e8d156a24898d50fd5dbd3642870b8/jackson-annotations-2.15.2.jar
   > Build cancelled while executing InstrumentationAnalysisTransform: /home/butterfly/dev/abcraft/argus/gradle-home/caches/modules-2/files-2.1/org.codehaus.woodstox/stax2-api/4.2.1/a3f7325c52240418c2ba257b103c3c550e140c83/stax2-api-4.2.1.jar
   > Build cancelled while executing InstrumentationAnalysisTransform: /home/butterfly/dev/abcraft/argus/gradle-home/caches/modules-2/files-2.1/com.machinezoo.noexception/noexception/1.7.1/b65330c98e38a1f915fa54a6e5eca496505e3f0a/noexception-1.7.1.jar
   > Build cancelled while executing InstrumentationAnalysisTransform: /home/butterfly/dev/abcraft/argus/gradle-home/caches/modules-2/files-2.1/com.fasterxml.jackson.core/jackson-core/2.15.2/a6fe1836469a69b3ff66037c324d75fc66ef137c/jackson-core-2.15.2.jar
   > Build cancelled while executing InstrumentationAnalysisTransform: /home/butterfly/dev/abcraft/argus/gradle-home/caches/modules-2/files-2.1/com.fasterxml.jackson.core/jackson-databind/2.15.2/9353b021f10c307c00328f52090de2bdb4b6ff9c/jackson-databind-2.15.2.jar
   > Build cancelled while executing InstrumentationAnalysisTransform: /home/butterfly/dev/abcraft/argus/gradle-home/caches/modules-2/files-2.1/com.fasterxml.woodstox/woodstox-core/6.5.1/c6e52e84fe959e69a243c83ec7d24cd889444ddf/woodstox-core-6.5.1.jar
   > Build cancelled while executing InstrumentationAnalysisTransform: /home/butterfly/dev/abcraft/argus/gradle-home/caches/modules-2/files-2.1/com.google.guava/guava/31.1-jre/60458f877d055d0c9114d9e1a2efb737b4bc282c/guava-31.1-jre.jar
   > Build cancelled while executing InstrumentationAnalysisTransform: /home/butterfly/dev/abcraft/argus/gradle-home/caches/modules-2/files-2.1/it.unimi.dsi/fastutil/8.3.1/ff33b340d60b81f4c1015fa8008bb30ff0a0d53b/fastutil-8.3.1.jar
> There are 106 more failures with identical causes.

* Try:
> Run the 'artifactTransforms' report task to view details about registered transforms.
> Review the documentation on Artifact Transforms at https://docs.gradle.org/9.2.1/userguide/artifact_transforms.html.
> Run with --stacktrace option to get the stack trace.
> Run with --info or --debug option to get more log output.
> Run with --scan to generate a Build Scan (powered by Develocity).
> Get more help at https://help.gradle.org.

BUILD FAILED in 2m 14s
2025-12-12T16:59:22.644+0000 [DEBUG] [org.gradle.launcher.daemon.server.exec.ExecuteBuild] The daemon has finished executing the build.
2025-12-12T16:59:22.646+0000 [DEBUG] [org.gradle.launcher.daemon.server.DaemonStateCoordinator] Cancel: daemon is busy, sleeping until state changes.
2025-12-12T16:59:22.647+0000 [DEBUG] [org.gradle.launcher.daemon.server.DaemonStateCoordinator] Command execution: finished waiting for DaemonCommandExecution[command = Build{id=5d2cabce-ceb8-49af-9df0-121851ad21ac, currentDir=/home/butterfly/dev/abcraft/argus}, connection = DefaultDaemonConnection: socket connection from /127.0.0.1:38417 to /127.0.0.1:57682]. Result org.gradle.launcher.daemon.server.DaemonStateCoordinator@6c131b85 with state Canceled
2025-12-12T16:59:22.647+0000 [DEBUG] [org.gradle.launcher.daemon.server.DaemonStateCoordinator] Command execution: completed DaemonCommandExecution[command = Build{id=5d2cabce-ceb8-49af-9df0-121851ad21ac, currentDir=/home/butterfly/dev/abcraft/argus}, connection = DefaultDaemonConnection: socket connection from /127.0.0.1:38417 to /127.0.0.1:57682]
2025-12-12T16:59:22.647+0000 [DEBUG] [org.gradle.launcher.daemon.server.DaemonStateCoordinator] resetting idle timer
2025-12-12T16:59:22.647+0000 [INFO] [org.gradle.launcher.daemon.server.DaemonRegistryUpdater] Marking the daemon as idle, address: [ec65ece3-8b01-4de5-99d7-18d7e0cf72d3 port:38417, addresses:[localhost/127.0.0.1]]
2025-12-12T16:59:22.647+0000 [DEBUG] [org.gradle.launcher.daemon.registry.PersistentDaemonRegistry] Marking busy by address: [ec65ece3-8b01-4de5-99d7-18d7e0cf72d3 port:38417, addresses:[localhost/127.0.0.1]]
2025-12-12T16:59:22.647+0000 [DEBUG] [org.gradle.cache.internal.DefaultFileLockManager] Waiting to acquire exclusive lock on daemon addresses registry.
2025-12-12T16:59:22.647+0000 [DEBUG] [org.gradle.cache.internal.DefaultFileLockManager] Lock acquired on daemon addresses registry.
2025-12-12T16:59:22.648+0000 [DEBUG] [org.gradle.cache.internal.DefaultFileLockManager] Releasing lock on daemon addresses registry.
2025-12-12T16:59:22.648+0000 [DEBUG] [org.gradle.launcher.daemon.server.DaemonStateCoordinator] Cancel: daemon is idle now.
2025-12-12T16:59:22.648+0000 [DEBUG] [org.gradle.launcher.daemon.server.DaemonStateCoordinator] daemon is running. Sleeping until state changes.
2025-12-12T16:59:22.648+0000 [DEBUG] [org.gradle.launcher.daemon.server.exec.ReturnResult] Daemon is dispatching the build result: Success[value=org.gradle.launcher.exec.BuildActionResult@7c0f717f]
2025-12-12T16:59:22.649+0000 [DEBUG] [org.gradle.launcher.daemon.server.SynchronizedDispatchConnection] thread 46: dispatching Success[value=org.gradle.launcher.exec.BuildActionResult@7c0f717f]
2025-12-12T16:59:22.653+0000 [DEBUG] [org.gradle.launcher.daemon.server.exec.CleanUpVirtualFileSystemAfterBuild] Cleaning virtual file system after build finished
2025-12-12T16:59:22.653+0000 [WARN] [org.gradle.launcher.daemon.server.DefaultIncomingConnectionHandler] Unable to execute command Build{id=5d2cabce-ceb8-49af-9df0-121851ad21ac, currentDir=/home/butterfly/dev/abcraft/argus} from socket connection from /127.0.0.1:38417 to /127.0.0.1:57682. Dispatching the failure to the daemon client
org.gradle.internal.remote.internal.MessageIOException: Could not write message Success[value=org.gradle.launcher.exec.BuildActionResult@7c0f717f] to '/127.0.0.1:57682'.
	at org.gradle.internal.remote.internal.inet.SocketConnection.dispatch(SocketConnection.java:132)
	at org.gradle.launcher.daemon.server.SynchronizedDispatchConnection.dispatchAndFlush(SynchronizedDispatchConnection.java:56)
	at org.gradle.launcher.daemon.server.DefaultDaemonConnection.completed(DefaultDaemonConnection.java:150)
	at org.gradle.launcher.daemon.server.exec.ReturnResult.execute(ReturnResult.java:41)
	at org.gradle.launcher.daemon.server.api.DaemonCommandExecution.proceed(DaemonCommandExecution.java:104)
	at org.gradle.launcher.daemon.server.exec.CleanUpVirtualFileSystemAfterBuild.doBuild(CleanUpVirtualFileSystemAfterBuild.java:58)
	at org.gradle.launcher.daemon.server.exec.BuildCommandOnly.execute(BuildCommandOnly.java:37)
	at org.gradle.launcher.daemon.server.api.DaemonCommandExecution.proceed(DaemonCommandExecution.java:104)
	at org.gradle.launcher.daemon.server.api.HandleReportStatus.execute(HandleReportStatus.java:35)
	at org.gradle.launcher.daemon.server.api.DaemonCommandExecution.proceed(DaemonCommandExecution.java:104)
	at org.gradle.launcher.daemon.server.exec.HandleCancel.execute(HandleCancel.java:39)
	at org.gradle.launcher.daemon.server.api.DaemonCommandExecution.proceed(DaemonCommandExecution.java:104)
	at org.gradle.launcher.daemon.server.api.HandleInvalidateVirtualFileSystem.execute(HandleInvalidateVirtualFileSystem.java:46)
	at org.gradle.launcher.daemon.server.api.DaemonCommandExecution.proceed(DaemonCommandExecution.java:104)
	at org.gradle.launcher.daemon.server.api.HandleStop.execute(HandleStop.java:46)
	at org.gradle.launcher.daemon.server.api.DaemonCommandExecution.proceed(DaemonCommandExecution.java:104)
	at org.gradle.launcher.daemon.server.exec.DaemonCommandExecuter.executeCommand(DaemonCommandExecuter.java:55)
	at org.gradle.launcher.daemon.server.DefaultIncomingConnectionHandler$ConnectionWorker.handleCommand(DefaultIncomingConnectionHandler.java:161)
	at org.gradle.launcher.daemon.server.DefaultIncomingConnectionHandler$ConnectionWorker.receiveAndHandleCommand(DefaultIncomingConnectionHandler.java:134)
	at org.gradle.launcher.daemon.server.DefaultIncomingConnectionHandler$ConnectionWorker.run(DefaultIncomingConnectionHandler.java:122)
	at org.gradle.internal.concurrent.ExecutorPolicy$CatchAndRecordFailures.onExecute(ExecutorPolicy.java:64)
	at org.gradle.internal.concurrent.AbstractManagedExecutor$1.run(AbstractManagedExecutor.java:47)
	at java.base/java.util.concurrent.ThreadPoolExecutor.runWorker(ThreadPoolExecutor.java:1144)
	at java.base/java.util.concurrent.ThreadPoolExecutor$Worker.run(ThreadPoolExecutor.java:642)
	at java.base/java.lang.Thread.run(Thread.java:1583)
Caused by: com.esotericsoftware.kryo.KryoException: java.io.IOException: Broken pipe
	at com.esotericsoftware.kryo.io.Output.flush(Output.java:165)
	at com.esotericsoftware.kryo.io.Output.require(Output.java:142)
	at com.esotericsoftware.kryo.io.Output.writeBytes(Output.java:228)
	at org.gradle.internal.serialize.kryo.KryoBackedEncoder.writeBytes(KryoBackedEncoder.java:49)
	at org.gradle.internal.serialize.AbstractEncoder$EncoderStream.write(AbstractEncoder.java:94)
	at java.base/java.io.ObjectOutputStream$BlockDataOutputStream.drain(ObjectOutputStream.java:1899)
	at java.base/java.io.ObjectOutputStream$BlockDataOutputStream.setBlockDataMode(ObjectOutputStream.java:1808)
	at java.base/java.io.ObjectOutputStream.writeObject0(ObjectOutputStream.java:1205)
	at java.base/java.io.ObjectOutputStream.writeObject(ObjectOutputStream.java:358)
	at org.gradle.internal.serialize.DefaultSerializer.write(DefaultSerializer.java:56)
	at org.gradle.tooling.internal.provider.serialization.SerializedPayloadSerializer.write(SerializedPayloadSerializer.java:32)
	at org.gradle.tooling.internal.provider.serialization.SerializedPayloadSerializer.write(SerializedPayloadSerializer.java:27)
	at org.gradle.launcher.daemon.protocol.DaemonMessageSerializer$SuccessSerializer.write(DaemonMessageSerializer.java:149)
	at org.gradle.launcher.daemon.protocol.DaemonMessageSerializer$SuccessSerializer.write(DaemonMessageSerializer.java:125)
	at org.gradle.internal.serialize.DefaultSerializerRegistry$TaggedTypeSerializer.write(DefaultSerializerRegistry.java:171)
	at org.gradle.internal.serialize.Serializers$StatefulSerializerAdapter$2.write(Serializers.java:46)
	at org.gradle.internal.remote.internal.inet.SocketConnection.dispatch(SocketConnection.java:124)
	... 24 more
Caused by: java.io.IOException: Broken pipe
	at java.base/sun.nio.ch.SocketDispatcher.write0(Native Method)
	at java.base/sun.nio.ch.SocketDispatcher.write(SocketDispatcher.java:62)
	at java.base/sun.nio.ch.IOUtil.writeFromNativeBuffer(IOUtil.java:137)
	at java.base/sun.nio.ch.IOUtil.write(IOUtil.java:81)
	at java.base/sun.nio.ch.IOUtil.write(IOUtil.java:58)
	at java.base/sun.nio.ch.SocketChannelImpl.write(SocketChannelImpl.java:542)
	at org.gradle.internal.remote.internal.inet.SocketConnection$SocketOutputStream.writeWithNonBlockingRetry(SocketConnection.java:282)
	at org.gradle.internal.remote.internal.inet.SocketConnection$SocketOutputStream.writeBufferToChannel(SocketConnection.java:269)
	at org.gradle.internal.remote.internal.inet.SocketConnection$SocketOutputStream.write(SocketConnection.java:255)
	at com.esotericsoftware.kryo.io.Output.flush(Output.java:163)
	... 40 more
2025-12-12T16:59:22.657+0000 [DEBUG] [org.gradle.launcher.daemon.server.SynchronizedDispatchConnection] thread 46: dispatching Failure[value=org.gradle.internal.remote.internal.MessageIOException: Could not write message Success[value=org.gradle.launcher.exec.BuildActionResult@7c0f717f] to '/127.0.0.1:57682'.]
2025-12-12T16:59:22.657+0000 [DEBUG] [org.gradle.launcher.daemon.server.DefaultIncomingConnectionHandler] Finishing executing command: Build{id=5d2cabce-ceb8-49af-9df0-121851ad21ac, currentDir=/home/butterfly/dev/abcraft/argus}
2025-12-12T16:59:22.658+0000 [DEBUG] [org.gradle.launcher.daemon.server.SynchronizedDispatchConnection] thread 46: stopping connection
2025-12-12T16:59:22.658+0000 [DEBUG] [org.gradle.launcher.daemon.server.SynchronizedDispatchConnection] thread 46: stopping connection
2025-12-12T16:59:31.087+0000 [DEBUG] [org.gradle.launcher.daemon.server.Daemon] Starting periodic daemon health check.
2025-12-12T16:59:31.088+0000 [DEBUG] [org.gradle.cache.internal.DefaultFileLockManager] Waiting to acquire shared lock on daemon addresses registry.
2025-12-12T16:59:31.088+0000 [DEBUG] [org.gradle.cache.internal.DefaultFileLockManager] Lock acquired on daemon addresses registry.
2025-12-12T16:59:31.088+0000 [DEBUG] [org.gradle.cache.internal.DefaultFileLockManager] Releasing lock on daemon addresses registry.
2025-12-12T16:59:31.088+0000 [DEBUG] [org.gradle.cache.internal.DefaultFileLockManager] Waiting to acquire shared lock on daemon addresses registry.
2025-12-12T16:59:31.089+0000 [DEBUG] [org.gradle.cache.internal.DefaultFileLockManager] Lock acquired on daemon addresses registry.
2025-12-12T16:59:31.089+0000 [DEBUG] [org.gradle.cache.internal.DefaultFileLockManager] Releasing lock on daemon addresses registry.
2025-12-12T16:59:31.089+0000 [DEBUG] [org.gradle.launcher.daemon.server.Daemon] Finished periodic daemon health check.
2025-12-12T16:59:41.087+0000 [DEBUG] [org.gradle.launcher.daemon.server.Daemon] Starting periodic daemon health check.
2025-12-12T16:59:41.087+0000 [DEBUG] [org.gradle.cache.internal.DefaultFileLockManager] Waiting to acquire shared lock on daemon addresses registry.
2025-12-12T16:59:41.087+0000 [DEBUG] [org.gradle.cache.internal.DefaultFileLockManager] Lock acquired on daemon addresses registry.
2025-12-12T16:59:41.087+0000 [DEBUG] [org.gradle.cache.internal.DefaultFileLockManager] Releasing lock on daemon addresses registry.
2025-12-12T16:59:41.087+0000 [DEBUG] [org.gradle.cache.internal.DefaultFileLockManager] Waiting to acquire shared lock on daemon addresses registry.
2025-12-12T16:59:41.087+0000 [DEBUG] [org.gradle.cache.internal.DefaultFileLockManager] Lock acquired on daemon addresses registry.
2025-12-12T16:59:41.087+0000 [DEBUG] [org.gradle.cache.internal.DefaultFileLockManager] Releasing lock on daemon addresses registry.
2025-12-12T16:59:41.087+0000 [DEBUG] [org.gradle.launcher.daemon.server.Daemon] Finished periodic daemon health check.
2025-12-12T16:59:51.087+0000 [DEBUG] [org.gradle.launcher.daemon.server.Daemon] Starting periodic daemon health check.
2025-12-12T16:59:51.088+0000 [DEBUG] [org.gradle.cache.internal.DefaultFileLockManager] Waiting to acquire shared lock on daemon addresses registry.
2025-12-12T16:59:51.088+0000 [DEBUG] [org.gradle.cache.internal.DefaultFileLockManager] Lock acquired on daemon addresses registry.
2025-12-12T16:59:51.088+0000 [DEBUG] [org.gradle.cache.internal.DefaultFileLockManager] Releasing lock on daemon addresses registry.
2025-12-12T16:59:51.088+0000 [DEBUG] [org.gradle.cache.internal.DefaultFileLockManager] Waiting to acquire shared lock on daemon addresses registry.
2025-12-12T16:59:51.088+0000 [DEBUG] [org.gradle.cache.internal.DefaultFileLockManager] Lock acquired on daemon addresses registry.
2025-12-12T16:59:51.088+0000 [DEBUG] [org.gradle.cache.internal.DefaultFileLockManager] Releasing lock on daemon addresses registry.
2025-12-12T16:59:51.088+0000 [DEBUG] [org.gradle.launcher.daemon.server.Daemon] Finished periodic daemon health check.
2025-12-12T17:00:01.087+0000 [DEBUG] [org.gradle.launcher.daemon.server.Daemon] Starting periodic daemon health check.
2025-12-12T17:00:01.088+0000 [DEBUG] [org.gradle.cache.internal.DefaultFileLockManager] Waiting to acquire shared lock on daemon addresses registry.
2025-12-12T17:00:01.088+0000 [DEBUG] [org.gradle.cache.internal.DefaultFileLockManager] Lock acquired on daemon addresses registry.
2025-12-12T17:00:01.088+0000 [DEBUG] [org.gradle.cache.internal.DefaultFileLockManager] Releasing lock on daemon addresses registry.
2025-12-12T17:00:01.088+0000 [DEBUG] [org.gradle.cache.internal.DefaultFileLockManager] Waiting to acquire shared lock on daemon addresses registry.
2025-12-12T17:00:01.088+0000 [DEBUG] [org.gradle.cache.internal.DefaultFileLockManager] Lock acquired on daemon addresses registry.
2025-12-12T17:00:01.088+0000 [DEBUG] [org.gradle.cache.internal.DefaultFileLockManager] Releasing lock on daemon addresses registry.
2025-12-12T17:00:01.088+0000 [DEBUG] [org.gradle.launcher.daemon.server.Daemon] Finished periodic daemon health check.
2025-12-12T17:00:11.087+0000 [DEBUG] [org.gradle.launcher.daemon.server.Daemon] Starting periodic daemon health check.
2025-12-12T17:00:11.088+0000 [DEBUG] [org.gradle.cache.internal.DefaultFileLockManager] Waiting to acquire shared lock on daemon addresses registry.
2025-12-12T17:00:11.088+0000 [DEBUG] [org.gradle.cache.internal.DefaultFileLockManager] Lock acquired on daemon addresses registry.
2025-12-12T17:00:11.088+0000 [DEBUG] [org.gradle.cache.internal.DefaultFileLockManager] Releasing lock on daemon addresses registry.
2025-12-12T17:00:11.088+0000 [DEBUG] [org.gradle.cache.internal.DefaultFileLockManager] Waiting to acquire shared lock on daemon addresses registry.
2025-12-12T17:00:11.088+0000 [DEBUG] [org.gradle.cache.internal.DefaultFileLockManager] Lock acquired on daemon addresses registry.
2025-12-12T17:00:11.088+0000 [DEBUG] [org.gradle.cache.internal.DefaultFileLockManager] Releasing lock on daemon addresses registry.
2025-12-12T17:00:11.088+0000 [DEBUG] [org.gradle.launcher.daemon.server.Daemon] Finished periodic daemon health check.
2025-12-12T17:00:21.087+0000 [DEBUG] [org.gradle.launcher.daemon.server.Daemon] Starting periodic daemon health check.
2025-12-12T17:00:21.087+0000 [DEBUG] [org.gradle.cache.internal.DefaultFileLockManager] Waiting to acquire shared lock on daemon addresses registry.
2025-12-12T17:00:21.087+0000 [DEBUG] [org.gradle.cache.internal.DefaultFileLockManager] Lock acquired on daemon addresses registry.
2025-12-12T17:00:21.087+0000 [DEBUG] [org.gradle.cache.internal.DefaultFileLockManager] Releasing lock on daemon addresses registry.
2025-12-12T17:00:21.087+0000 [DEBUG] [org.gradle.cache.internal.DefaultFileLockManager] Waiting to acquire shared lock on daemon addresses registry.
2025-12-12T17:00:21.087+0000 [DEBUG] [org.gradle.cache.internal.DefaultFileLockManager] Lock acquired on daemon addresses registry.
2025-12-12T17:00:21.087+0000 [DEBUG] [org.gradle.cache.internal.DefaultFileLockManager] Releasing lock on daemon addresses registry.
2025-12-12T17:00:21.087+0000 [DEBUG] [org.gradle.launcher.daemon.server.Daemon] Finished periodic daemon health check.
2025-12-12T17:00:31.087+0000 [DEBUG] [org.gradle.launcher.daemon.server.Daemon] Starting periodic daemon health check.
2025-12-12T17:00:31.087+0000 [DEBUG] [org.gradle.cache.internal.DefaultFileLockManager] Waiting to acquire shared lock on daemon addresses registry.
2025-12-12T17:00:31.087+0000 [DEBUG] [org.gradle.cache.internal.DefaultFileLockManager] Lock acquired on daemon addresses registry.
2025-12-12T17:00:31.087+0000 [DEBUG] [org.gradle.cache.internal.DefaultFileLockManager] Releasing lock on daemon addresses registry.
2025-12-12T17:00:31.087+0000 [DEBUG] [org.gradle.cache.internal.DefaultFileLockManager] Waiting to acquire shared lock on daemon addresses registry.
2025-12-12T17:00:31.087+0000 [DEBUG] [org.gradle.cache.internal.DefaultFileLockManager] Lock acquired on daemon addresses registry.
2025-12-12T17:00:31.087+0000 [DEBUG] [org.gradle.cache.internal.DefaultFileLockManager] Releasing lock on daemon addresses registry.
2025-12-12T17:00:31.087+0000 [DEBUG] [org.gradle.launcher.daemon.server.Daemon] Finished periodic daemon health check.
2025-12-12T17:00:41.087+0000 [DEBUG] [org.gradle.launcher.daemon.server.Daemon] Starting periodic daemon health check.
2025-12-12T17:00:41.088+0000 [DEBUG] [org.gradle.cache.internal.DefaultFileLockManager] Waiting to acquire shared lock on daemon addresses registry.
2025-12-12T17:00:41.088+0000 [DEBUG] [org.gradle.cache.internal.DefaultFileLockManager] Lock acquired on daemon addresses registry.
2025-12-12T17:00:41.088+0000 [DEBUG] [org.gradle.cache.internal.DefaultFileLockManager] Releasing lock on daemon addresses registry.
2025-12-12T17:00:41.088+0000 [DEBUG] [org.gradle.cache.internal.DefaultFileLockManager] Waiting to acquire shared lock on daemon addresses registry.
2025-12-12T17:00:41.088+0000 [DEBUG] [org.gradle.cache.internal.DefaultFileLockManager] Lock acquired on daemon addresses registry.
2025-12-12T17:00:41.088+0000 [DEBUG] [org.gradle.cache.internal.DefaultFileLockManager] Releasing lock on daemon addresses registry.
2025-12-12T17:00:41.088+0000 [DEBUG] [org.gradle.launcher.daemon.server.Daemon] Finished periodic daemon health check.
2025-12-12T17:00:51.087+0000 [DEBUG] [org.gradle.launcher.daemon.server.Daemon] Starting periodic daemon health check.
2025-12-12T17:00:51.088+0000 [DEBUG] [org.gradle.cache.internal.DefaultFileLockManager] Waiting to acquire shared lock on daemon addresses registry.
2025-12-12T17:00:51.088+0000 [DEBUG] [org.gradle.cache.internal.DefaultFileLockManager] Lock acquired on daemon addresses registry.
2025-12-12T17:00:51.088+0000 [DEBUG] [org.gradle.cache.internal.DefaultFileLockManager] Releasing lock on daemon addresses registry.
2025-12-12T17:00:51.088+0000 [DEBUG] [org.gradle.cache.internal.DefaultFileLockManager] Waiting to acquire shared lock on daemon addresses registry.
2025-12-12T17:00:51.088+0000 [DEBUG] [org.gradle.cache.internal.DefaultFileLockManager] Lock acquired on daemon addresses registry.
2025-12-12T17:00:51.088+0000 [DEBUG] [org.gradle.cache.internal.DefaultFileLockManager] Releasing lock on daemon addresses registry.
2025-12-12T17:00:51.088+0000 [DEBUG] [org.gradle.launcher.daemon.server.Daemon] Finished periodic daemon health check.
2025-12-12T17:01:01.087+0000 [DEBUG] [org.gradle.launcher.daemon.server.Daemon] Starting periodic daemon health check.
2025-12-12T17:01:01.088+0000 [DEBUG] [org.gradle.cache.internal.DefaultFileLockManager] Waiting to acquire shared lock on daemon addresses registry.
2025-12-12T17:01:01.088+0000 [DEBUG] [org.gradle.cache.internal.DefaultFileLockManager] Lock acquired on daemon addresses registry.
2025-12-12T17:01:01.088+0000 [DEBUG] [org.gradle.cache.internal.DefaultFileLockManager] Releasing lock on daemon addresses registry.
2025-12-12T17:01:01.088+0000 [DEBUG] [org.gradle.cache.internal.DefaultFileLockManager] Waiting to acquire shared lock on daemon addresses registry.
2025-12-12T17:01:01.088+0000 [DEBUG] [org.gradle.cache.internal.DefaultFileLockManager] Lock acquired on daemon addresses registry.
2025-12-12T17:01:01.088+0000 [DEBUG] [org.gradle.cache.internal.DefaultFileLockManager] Releasing lock on daemon addresses registry.
2025-12-12T17:01:01.088+0000 [DEBUG] [org.gradle.launcher.daemon.server.Daemon] Finished periodic daemon health check.
2025-12-12T17:01:11.087+0000 [DEBUG] [org.gradle.launcher.daemon.server.Daemon] Starting periodic daemon health check.
2025-12-12T17:01:11.088+0000 [DEBUG] [org.gradle.cache.internal.DefaultFileLockManager] Waiting to acquire shared lock on daemon addresses registry.
2025-12-12T17:01:11.088+0000 [DEBUG] [org.gradle.cache.internal.DefaultFileLockManager] Lock acquired on daemon addresses registry.
2025-12-12T17:01:11.088+0000 [DEBUG] [org.gradle.cache.internal.DefaultFileLockManager] Releasing lock on daemon addresses registry.
2025-12-12T17:01:11.088+0000 [DEBUG] [org.gradle.cache.internal.DefaultFileLockManager] Waiting to acquire shared lock on daemon addresses registry.
2025-12-12T17:01:11.088+0000 [DEBUG] [org.gradle.cache.internal.DefaultFileLockManager] Lock acquired on daemon addresses registry.
2025-12-12T17:01:11.088+0000 [DEBUG] [org.gradle.cache.internal.DefaultFileLockManager] Releasing lock on daemon addresses registry.
2025-12-12T17:01:11.088+0000 [DEBUG] [org.gradle.launcher.daemon.server.Daemon] Finished periodic daemon health check.
2025-12-12T17:01:21.088+0000 [DEBUG] [org.gradle.launcher.daemon.server.Daemon] Starting periodic daemon health check.
2025-12-12T17:01:21.090+0000 [DEBUG] [org.gradle.cache.internal.DefaultFileLockManager] Waiting to acquire shared lock on daemon addresses registry.
2025-12-12T17:01:21.090+0000 [DEBUG] [org.gradle.cache.internal.DefaultFileLockManager] Lock acquired on daemon addresses registry.
2025-12-12T17:01:21.091+0000 [DEBUG] [org.gradle.cache.internal.DefaultFileLockManager] Releasing lock on daemon addresses registry.
2025-12-12T17:01:21.093+0000 [DEBUG] [org.gradle.cache.internal.DefaultFileLockManager] Waiting to acquire shared lock on daemon addresses registry.
2025-12-12T17:01:21.093+0000 [DEBUG] [org.gradle.cache.internal.DefaultFileLockManager] Lock acquired on daemon addresses registry.
2025-12-12T17:01:21.096+0000 [DEBUG] [org.gradle.cache.internal.DefaultFileLockManager] Releasing lock on daemon addresses registry.
2025-12-12T17:01:21.096+0000 [DEBUG] [org.gradle.launcher.daemon.server.Daemon] Finished periodic daemon health check.
2025-12-12T17:01:31.088+0000 [DEBUG] [org.gradle.launcher.daemon.server.Daemon] Starting periodic daemon health check.
2025-12-12T17:01:31.088+0000 [DEBUG] [org.gradle.cache.internal.DefaultFileLockManager] Waiting to acquire shared lock on daemon addresses registry.
2025-12-12T17:01:31.088+0000 [DEBUG] [org.gradle.cache.internal.DefaultFileLockManager] Lock acquired on daemon addresses registry.
2025-12-12T17:01:31.088+0000 [DEBUG] [org.gradle.cache.internal.DefaultFileLockManager] Releasing lock on daemon addresses registry.
2025-12-12T17:01:31.088+0000 [DEBUG] [org.gradle.cache.internal.DefaultFileLockManager] Waiting to acquire shared lock on daemon addresses registry.
2025-12-12T17:01:31.089+0000 [DEBUG] [org.gradle.cache.internal.DefaultFileLockManager] Lock acquired on daemon addresses registry.
2025-12-12T17:01:31.089+0000 [DEBUG] [org.gradle.cache.internal.DefaultFileLockManager] Releasing lock on daemon addresses registry.
2025-12-12T17:01:31.089+0000 [DEBUG] [org.gradle.launcher.daemon.server.Daemon] Finished periodic daemon health check.
2025-12-12T17:01:41.087+0000 [DEBUG] [org.gradle.launcher.daemon.server.Daemon] Starting periodic daemon health check.
2025-12-12T17:01:41.088+0000 [DEBUG] [org.gradle.cache.internal.DefaultFileLockManager] Waiting to acquire shared lock on daemon addresses registry.
2025-12-12T17:01:41.088+0000 [DEBUG] [org.gradle.cache.internal.DefaultFileLockManager] Lock acquired on daemon addresses registry.
2025-12-12T17:01:41.088+0000 [DEBUG] [org.gradle.cache.internal.DefaultFileLockManager] Releasing lock on daemon addresses registry.
2025-12-12T17:01:41.088+0000 [DEBUG] [org.gradle.cache.internal.DefaultFileLockManager] Waiting to acquire shared lock on daemon addresses registry.
2025-12-12T17:01:41.088+0000 [DEBUG] [org.gradle.cache.internal.DefaultFileLockManager] Lock acquired on daemon addresses registry.
2025-12-12T17:01:41.088+0000 [DEBUG] [org.gradle.cache.internal.DefaultFileLockManager] Releasing lock on daemon addresses registry.
2025-12-12T17:01:41.088+0000 [DEBUG] [org.gradle.launcher.daemon.server.Daemon] Finished periodic daemon health check.
2025-12-12T17:01:51.087+0000 [DEBUG] [org.gradle.launcher.daemon.server.Daemon] Starting periodic daemon health check.
2025-12-12T17:01:51.088+0000 [DEBUG] [org.gradle.cache.internal.DefaultFileLockManager] Waiting to acquire shared lock on daemon addresses registry.
2025-12-12T17:01:51.088+0000 [DEBUG] [org.gradle.cache.internal.DefaultFileLockManager] Lock acquired on daemon addresses registry.
2025-12-12T17:01:51.088+0000 [DEBUG] [org.gradle.cache.internal.DefaultFileLockManager] Releasing lock on daemon addresses registry.
2025-12-12T17:01:51.088+0000 [DEBUG] [org.gradle.cache.internal.DefaultFileLockManager] Waiting to acquire shared lock on daemon addresses registry.
2025-12-12T17:01:51.088+0000 [DEBUG] [org.gradle.cache.internal.DefaultFileLockManager] Lock acquired on daemon addresses registry.
2025-12-12T17:01:51.088+0000 [DEBUG] [org.gradle.cache.internal.DefaultFileLockManager] Releasing lock on daemon addresses registry.
2025-12-12T17:01:51.088+0000 [DEBUG] [org.gradle.launcher.daemon.server.Daemon] Finished periodic daemon health check.
2025-12-12T17:02:01.087+0000 [DEBUG] [org.gradle.launcher.daemon.server.Daemon] Starting periodic daemon health check.
2025-12-12T17:02:01.088+0000 [DEBUG] [org.gradle.cache.internal.DefaultFileLockManager] Waiting to acquire shared lock on daemon addresses registry.
2025-12-12T17:02:01.088+0000 [DEBUG] [org.gradle.cache.internal.DefaultFileLockManager] Lock acquired on daemon addresses registry.
2025-12-12T17:02:01.088+0000 [DEBUG] [org.gradle.cache.internal.DefaultFileLockManager] Releasing lock on daemon addresses registry.
2025-12-12T17:02:01.088+0000 [DEBUG] [org.gradle.cache.internal.DefaultFileLockManager] Waiting to acquire shared lock on daemon addresses registry.
2025-12-12T17:02:01.088+0000 [DEBUG] [org.gradle.cache.internal.DefaultFileLockManager] Lock acquired on daemon addresses registry.
2025-12-12T17:02:01.088+0000 [DEBUG] [org.gradle.cache.internal.DefaultFileLockManager] Releasing lock on daemon addresses registry.
2025-12-12T17:02:01.088+0000 [DEBUG] [org.gradle.launcher.daemon.server.Daemon] Finished periodic daemon health check.
2025-12-12T17:02:11.087+0000 [DEBUG] [org.gradle.launcher.daemon.server.Daemon] Starting periodic daemon health check.
2025-12-12T17:02:11.088+0000 [DEBUG] [org.gradle.cache.internal.DefaultFileLockManager] Waiting to acquire shared lock on daemon addresses registry.
2025-12-12T17:02:11.088+0000 [DEBUG] [org.gradle.cache.internal.DefaultFileLockManager] Lock acquired on daemon addresses registry.
2025-12-12T17:02:11.088+0000 [DEBUG] [org.gradle.cache.internal.DefaultFileLockManager] Releasing lock on daemon addresses registry.
2025-12-12T17:02:11.088+0000 [DEBUG] [org.gradle.cache.internal.DefaultFileLockManager] Waiting to acquire shared lock on daemon addresses registry.
2025-12-12T17:02:11.088+0000 [DEBUG] [org.gradle.cache.internal.DefaultFileLockManager] Lock acquired on daemon addresses registry.
2025-12-12T17:02:11.088+0000 [DEBUG] [org.gradle.cache.internal.DefaultFileLockManager] Releasing lock on daemon addresses registry.
2025-12-12T17:02:11.088+0000 [DEBUG] [org.gradle.launcher.daemon.server.Daemon] Finished periodic daemon health check.
2025-12-12T17:02:21.087+0000 [DEBUG] [org.gradle.launcher.daemon.server.Daemon] Starting periodic daemon health check.
2025-12-12T17:02:21.088+0000 [DEBUG] [org.gradle.cache.internal.DefaultFileLockManager] Waiting to acquire shared lock on daemon addresses registry.
2025-12-12T17:02:21.088+0000 [DEBUG] [org.gradle.cache.internal.DefaultFileLockManager] Lock acquired on daemon addresses registry.
2025-12-12T17:02:21.088+0000 [DEBUG] [org.gradle.cache.internal.DefaultFileLockManager] Releasing lock on daemon addresses registry.
2025-12-12T17:02:21.088+0000 [DEBUG] [org.gradle.cache.internal.DefaultFileLockManager] Waiting to acquire shared lock on daemon addresses registry.
2025-12-12T17:02:21.088+0000 [DEBUG] [org.gradle.cache.internal.DefaultFileLockManager] Lock acquired on daemon addresses registry.
2025-12-12T17:02:21.088+0000 [DEBUG] [org.gradle.cache.internal.DefaultFileLockManager] Releasing lock on daemon addresses registry.
2025-12-12T17:02:21.088+0000 [DEBUG] [org.gradle.launcher.daemon.server.Daemon] Finished periodic daemon health check.
